<?xml version="1.0" encoding="UTF-8"?>
<!-- Generated by org.testng.reporters.JUnitReportReporter -->
<testsuite hostname="LTIN509379" failures="0" tests="1" name="testCases.TC003_DisplayStudyChairs" time="3.140" errors="0" timestamp="2024-11-11T08:56:57 IST" skipped="0">
  <testcase classname="testCases.TC003_DisplayStudyChairs" name="test_displayStudyChairs" time="3.140"/>
  <system-out/>
</testsuite> <!-- testCases.TC003_DisplayStudyChairs -->
