<?xml version="1.0" encoding="UTF-8"?>
<!-- Generated by org.testng.reporters.JUnitReportReporter -->
<testsuite hostname="LTIN509379" failures="0" tests="1" name="testCases.TC002_BeingAtHome_SubMenuRetrieval" time="3.253" errors="0" timestamp="2024-11-11T08:56:57 IST" skipped="0">
  <testcase classname="testCases.TC002_BeingAtHome_SubMenuRetrieval" name="test_beingAtHome" time="3.253"/>
  <system-out/>
</testsuite> <!-- testCases.TC002_BeingAtHome_SubMenuRetrieval -->
